{
    "normalized_variance_min": 0.2,
    "normalized_variance_max": 0.8,
    "p_diff_loss": 0.1,
    "p_group_mean": 0.5,
    "RgrpActivity": [
        [
            0,
            0.0026173396412436803
        ],
        [
            1,
            0.0006099387014623812
        ],
        [
            2,
            0.00022599133138816234
        ],
        [
            3,
            1.1094267389093429e-05
        ],
        [
            4,
            0.0001629603863401881
        ],
        [
            5,
            0.00023858026761431936
        ],
        [
            6,
            0.00025886571407907755
        ],
        [
            7,
            0.00020356736039679003
        ],
        [
            8,
            0.00015319958800025235
        ],
        [
            9,
            9.22548768534106e-05
        ],
        [
            10,
            8.089469120194216e-05
        ],
        [
            11,
            0.00010842610145767026
        ],
        [
            12,
            6.873078902760123e-05
        ],
        [
            13,
            0.00010591628704283054
        ],
        [
            14,
            0.0002856059988388071
        ],
        [
            15,
            0.00042705321613096083
        ],
        [
            16,
            0.0005211911378367547
        ],
        [
            17,
            0.000577687354170012
        ],
        [
            18,
            0.0008676697058364975
        ],
        [
            19,
            0.0008615889215047867
        ],
        [
            20,
            0.001189222167975324
        ],
        [
            21,
            0.0005382938960118435
        ],
        [
            22,
            0.0009932442639692387
        ],
        [
            23,
            0.0010670498747471942
        ],
        [
            24,
            0.0013675817740062075
        ]
    ]
}{
    "normalized_variance_min": 0.1,
    "normalized_variance_max": 0.6,
    "p_diff_loss": 0.7,
    "p_group_mean": 0.3,
    "RgrpActivity": [
        [
            0,
            0.0026173396412436803
        ],
        [
            1,
            0.0006810711363732913
        ],
        [
            2,
            0.00024243050757233835
        ],
        [
            3,
            9.599056837025347e-06
        ],
        [
            4,
            0.0001874804096338311
        ],
        [
            5,
            0.00021474408033828914
        ],
        [
            6,
            0.0002969723045761174
        ],
        [
            7,
            0.0002598865849584807
        ],
        [
            8,
            0.0001520626828699456
        ],
        [
            9,
            9.928264474151074e-05
        ],
        [
            10,
            0.0001149487956302956
        ],
        [
            11,
            9.405187704558836e-05
        ],
        [
            12,
            9.731466134152707e-05
        ],
        [
            13,
            0.0001112852031186655
        ],
        [
            14,
            0.00020223978912117194
        ],
        [
            15,
            0.0004293796933174779
        ],
        [
            16,
            0.000356734940331424
        ],
        [
            17,
            0.0005246940869084408
        ],
        [
            18,
            0.0007025607485390611
        ],
        [
            19,
            0.00078970502922306
        ],
        [
            20,
            0.001285519822578544
        ],
        [
            21,
            0.0013982259684180611
        ],
        [
            22,
            0.0012610103270581864
        ],
        [
            23,
            0.0012554742303059298
        ],
        [
            24,
            0.0016981361262214784
        ]
    ]
}