{
    "normalized_variance_min": 0.1,
    "normalized_variance_max": 0.5,
    "p_diff_loss": 0.1,
    "p_group_mean": 0.1,
    "RgrpActivity": [
        [
            0,
            0.005134297310634521
        ],
        [
            1,
            5.859622329208109e-05
        ],
        [
            2,
            3.9801217497642e-05
        ]
    ]
}{
    "normalized_variance_min": 0.1,
    "normalized_variance_max": 0.5,
    "p_diff_loss": 0.1,
    "p_group_mean": 0.3,
    "RgrpActivity": [
        [
            0,
            0.005134297310634521
        ],
        [
            1,
            9.808632724284374e-05
        ],
        [
            2,
            7.541808847492474e-05
        ]
    ]
}{
    "normalized_variance_min": 0.1,
    "normalized_variance_max": 0.5,
    "p_diff_loss": 0.1,
    "p_group_mean": 0.5,
    "RgrpActivity": [
        [
            0,
            0.005134297310634521
        ],
        [
            1,
            7.788897582559619e-05
        ],
        [
            2,
            8.369009027785375e-05
        ]
    ]
}{
    "normalized_variance_min": 0.1,
    "normalized_variance_max": 0.5,
    "p_diff_loss": 0.1,
    "p_group_mean": 0.7,
    "RgrpActivity": [
        [
            0,
            0.005134297310634521
        ],
        [
            1,
            9.3344117289231e-05
        ],
        [
            2,
            6.739541542299436e-05
        ]
    ]
}{
    "normalized_variance_min": 0.1,
    "normalized_variance_max": 0.5,
    "p_diff_loss": 0.1,
    "p_group_mean": 0.9,
    "RgrpActivity": [
        [
            0,
            0.005134297310634521
        ],
        [
            1,
            9.038907605771384e-05
        ],
        [
            2,
            0.00014780110846291324
        ]
    ]
}{
    "normalized_variance_min": 0.1,
    "normalized_variance_max": 0.5,
    "p_diff_loss": 0.3,
    "p_group_mean": 0.1,
    "RgrpActivity": [
        [
            0,
            0.005134297310634521
        ],
        [
            1,
            6.206722616320934e-05
        ],
        [
            2,
            7.260032993481568e-05
        ]
    ]
}{
    "normalized_variance_min": 0.1,
    "normalized_variance_max": 0.5,
    "p_diff_loss": 0.3,
    "p_group_mean": 0.3,
    "RgrpActivity": [
        [
            0,
            0.005134297310634521
        ],
        [
            1,
            5.7935877468351065e-05
        ],
        [
            2,
            5.8610880548101654e-05
        ]
    ]
}{
    "normalized_variance_min": 0.1,
    "normalized_variance_max": 0.5,
    "p_diff_loss": 0.3,
    "p_group_mean": 0.5,
    "RgrpActivity": [
        [
            0,
            0.005134297310634521
        ],
        [
            1,
            0.00010066696722636792
        ],
        [
            2,
            9.859845353852189e-05
        ]
    ]
}{
    "normalized_variance_min": 0.1,
    "normalized_variance_max": 0.5,
    "p_diff_loss": 0.3,
    "p_group_mean": 0.7,
    "RgrpActivity": [
        [
            0,
            0.005134297310634521
        ],
        [
            1,
            5.928352725226107e-05
        ],
        [
            2,
            4.828261462350641e-05
        ]
    ]
}{
    "normalized_variance_min": 0.1,
    "normalized_variance_max": 0.5,
    "p_diff_loss": 0.3,
    "p_group_mean": 0.9,
    "RgrpActivity": [
        [
            0,
            0.005134297310634521
        ],
        [
            1,
            6.209676967489281e-05
        ],
        [
            2,
            7.787794632291304e-05
        ]
    ]
}{
    "normalized_variance_min": 0.1,
    "normalized_variance_max": 0.5,
    "p_diff_loss": 0.5,
    "p_group_mean": 0.1,
    "RgrpActivity": [
        [
            0,
            0.005134297310634521
        ],
        [
            1,
            7.773519917833854e-05
        ],
        [
            2,
            8.89210520444431e-05
        ]
    ]
}{
    "normalized_variance_min": 0.1,
    "normalized_variance_max": 0.5,
    "p_diff_loss": 0.5,
    "p_group_mean": 0.3,
    "RgrpActivity": [
        [
            0,
            0.005134297310634521
        ],
        [
            1,
            9.35327415285776e-05
        ],
        [
            2,
            6.229251247401433e-05
        ]
    ]
}{
    "normalized_variance_min": 0.1,
    "normalized_variance_max": 0.5,
    "p_diff_loss": 0.5,
    "p_group_mean": 0.5,
    "RgrpActivity": [
        [
            0,
            0.005134297310634521
        ],
        [
            1,
            6.0961190945762234e-05
        ],
        [
            2,
            0.00016694434566955123
        ]
    ]
}{
    "normalized_variance_min": 0.1,
    "normalized_variance_max": 0.5,
    "p_diff_loss": 0.5,
    "p_group_mean": 0.7,
    "RgrpActivity": [
        [
            0,
            0.005134297310634521
        ],
        [
            1,
            7.299989265730727e-05
        ],
        [
            2,
            0.00019475998328074106
        ]
    ]
}{
    "normalized_variance_min": 0.1,
    "normalized_variance_max": 0.5,
    "p_diff_loss": 0.5,
    "p_group_mean": 0.9,
    "RgrpActivity": [
        [
            0,
            0.005134297310634521
        ],
        [
            1,
            5.9432103807980884e-05
        ],
        [
            2,
            0.00015551804559766423
        ]
    ]
}{
    "normalized_variance_min": 0.1,
    "normalized_variance_max": 0.5,
    "p_diff_loss": 0.7,
    "p_group_mean": 0.1,
    "RgrpActivity": [
        [
            0,
            0.005134297310634521
        ],
        [
            1,
            6.604518770987211e-05
        ],
        [
            2,
            0.0001882061742220213
        ]
    ]
}{
    "normalized_variance_min": 0.1,
    "normalized_variance_max": 0.5,
    "p_diff_loss": 0.7,
    "p_group_mean": 0.3,
    "RgrpActivity": [
        [
            0,
            0.005134297310634521
        ],
        [
            1,
            6.445941842922915e-05
        ],
        [
            2,
            5.966876287238459e-05
        ]
    ]
}{
    "normalized_variance_min": 0.1,
    "normalized_variance_max": 0.5,
    "p_diff_loss": 0.7,
    "p_group_mean": 0.5,
    "RgrpActivity": [
        [
            0,
            0.005134297310634521
        ],
        [
            1,
            6.288124225897981e-05
        ],
        [
            2,
            5.1041195795716976e-05
        ]
    ]
}{
    "normalized_variance_min": 0.1,
    "normalized_variance_max": 0.5,
    "p_diff_loss": 0.7,
    "p_group_mean": 0.7,
    "RgrpActivity": [
        [
            0,
            0.005134297310634521
        ],
        [
            1,
            9.384980761582005e-05
        ],
        [
            2,
            0.00010997057591075757
        ]
    ]
}{
    "normalized_variance_min": 0.1,
    "normalized_variance_max": 0.5,
    "p_diff_loss": 0.7,
    "p_group_mean": 0.9,
    "RgrpActivity": [
        [
            0,
            0.005134297310634521
        ],
        [
            1,
            5.9659495493938996e-05
        ],
        [
            2,
            0.000216985855960725
        ]
    ]
}{
    "normalized_variance_min": 0.1,
    "normalized_variance_max": 0.5,
    "p_diff_loss": 0.9,
    "p_group_mean": 0.1,
    "RgrpActivity": [
        [
            0,
            0.005134297310634521
        ],
        [
            1,
            8.473157036743756e-05
        ],
        [
            2,
            0.00031049102264843877
        ]
    ]
}{
    "normalized_variance_min": 0.1,
    "normalized_variance_max": 0.5,
    "p_diff_loss": 0.9,
    "p_group_mean": 0.3,
    "RgrpActivity": [
        [
            0,
            0.005134297310634521
        ],
        [
            1,
            6.114899507582433e-05
        ],
        [
            2,
            6.281971043113106e-05
        ]
    ]
}{
    "normalized_variance_min": 0.1,
    "normalized_variance_max": 0.5,
    "p_diff_loss": 0.9,
    "p_group_mean": 0.5,
    "RgrpActivity": [
        [
            0,
            0.005134297310634521
        ],
        [
            1,
            5.6899517238720745e-05
        ],
        [
            2,
            7.912312950010619e-05
        ]
    ]
}{
    "normalized_variance_min": 0.1,
    "normalized_variance_max": 0.5,
    "p_diff_loss": 0.9,
    "p_group_mean": 0.7,
    "RgrpActivity": [
        [
            0,
            0.005134297310634521
        ],
        [
            1,
            9.638050025581267e-05
        ],
        [
            2,
            0.0001708540189974365
        ]
    ]
}{
    "normalized_variance_min": 0.1,
    "normalized_variance_max": 0.5,
    "p_diff_loss": 0.9,
    "p_group_mean": 0.9,
    "RgrpActivity": [
        [
            0,
            0.005134297310634521
        ],
        [
            1,
            5.793356268414113e-05
        ],
        [
            2,
            8.696513174941744e-05
        ]
    ]
}{
    "normalized_variance_min": 0.1,
    "normalized_variance_max": 0.6,
    "p_diff_loss": 0.1,
    "p_group_mean": 0.1,
    "RgrpActivity": [
        [
            0,
            0.005134297310634521
        ],
        [
            1,
            0.00010235640642850788
        ],
        [
            2,
            8.714800985105546e-05
        ]
    ]
}{
    "normalized_variance_min": 0.1,
    "normalized_variance_max": 0.6,
    "p_diff_loss": 0.1,
    "p_group_mean": 0.3,
    "RgrpActivity": [
        [
            0,
            0.005134297310634521
        ],
        [
            1,
            6.697128247433328e-05
        ],
        [
            2,
            7.656978900986061e-05
        ]
    ]
}{
    "normalized_variance_min": 0.1,
    "normalized_variance_max": 0.6,
    "p_diff_loss": 0.1,
    "p_group_mean": 0.5,
    "RgrpActivity": [
        [
            0,
            0.005134297310634521
        ],
        [
            1,
            5.925414730706768e-05
        ],
        [
            2,
            0.0001297301521967606
        ]
    ]
}{
    "normalized_variance_min": 0.1,
    "normalized_variance_max": 0.6,
    "p_diff_loss": 0.1,
    "p_group_mean": 0.7,
    "RgrpActivity": [
        [
            0,
            0.005134297310634521
        ],
        [
            1,
            9.277156684742905e-05
        ],
        [
            2,
            0.00025996243266215104
        ]
    ]
}{
    "normalized_variance_min": 0.1,
    "normalized_variance_max": 0.6,
    "p_diff_loss": 0.1,
    "p_group_mean": 0.9,
    "RgrpActivity": [
        [
            0,
            0.005134297310634521
        ],
        [
            1,
            7.583269614602243e-05
        ],
        [
            2,
            0.00020362969120361017
        ]
    ]
}{
    "normalized_variance_min": 0.1,
    "normalized_variance_max": 0.6,
    "p_diff_loss": 0.3,
    "p_group_mean": 0.1,
    "RgrpActivity": [
        [
            0,
            0.005134297310634521
        ],
        [
            1,
            6.695176995845984e-05
        ],
        [
            2,
            7.91015996158156e-05
        ]
    ]
}{
    "normalized_variance_min": 0.1,
    "normalized_variance_max": 0.6,
    "p_diff_loss": 0.3,
    "p_group_mean": 0.3,
    "RgrpActivity": [
        [
            0,
            0.005134297310634521
        ],
        [
            1,
            9.811997080294362e-05
        ],
        [
            2,
            0.00014462442270659278
        ]
    ]
}{
    "normalized_variance_min": 0.1,
    "normalized_variance_max": 0.6,
    "p_diff_loss": 0.3,
    "p_group_mean": 0.5,
    "RgrpActivity": [
        [
            0,
            0.005134297310634521
        ],
        [
            1,
            0.00010267182411221893
        ],
        [
            2,
            0.00010405383273110674
        ]
    ]
}{
    "normalized_variance_min": 0.1,
    "normalized_variance_max": 0.6,
    "p_diff_loss": 0.3,
    "p_group_mean": 0.7,
    "RgrpActivity": [
        [
            0,
            0.005134297310634521
        ],
        [
            1,
            0.00010270801665136797
        ],
        [
            2,
            0.00011414194103800093
        ]
    ]
}{
    "normalized_variance_min": 0.1,
    "normalized_variance_max": 0.6,
    "p_diff_loss": 0.3,
    "p_group_mean": 0.9,
    "RgrpActivity": [
        [
            0,
            0.005134297310634521
        ],
        [
            1,
            6.0498365211119636e-05
        ],
        [
            2,
            6.322429861602057e-05
        ]
    ]
}{
    "normalized_variance_min": 0.1,
    "normalized_variance_max": 0.6,
    "p_diff_loss": 0.5,
    "p_group_mean": 0.1,
    "RgrpActivity": [
        [
            0,
            0.005134297310634521
        ],
        [
            1,
            6.694868003815461e-05
        ],
        [
            2,
            0.0001531533699013711
        ]
    ]
}{
    "normalized_variance_min": 0.1,
    "normalized_variance_max": 0.6,
    "p_diff_loss": 0.5,
    "p_group_mean": 0.3,
    "RgrpActivity": [
        [
            0,
            0.005134297310634521
        ],
        [
            1,
            6.392909632764335e-05
        ],
        [
            2,
            8.954780199549454e-05
        ]
    ]
}{
    "normalized_variance_min": 0.1,
    "normalized_variance_max": 0.6,
    "p_diff_loss": 0.5,
    "p_group_mean": 0.5,
    "RgrpActivity": [
        [
            0,
            0.005134297310634521
        ],
        [
            1,
            5.8581032075237296e-05
        ],
        [
            2,
            5.88744309677858e-05
        ]
    ]
}{
    "normalized_variance_min": 0.1,
    "normalized_variance_max": 0.6,
    "p_diff_loss": 0.5,
    "p_group_mean": 0.7,
    "RgrpActivity": [
        [
            0,
            0.005134297310634521
        ],
        [
            1,
            6.845703902926223e-05
        ],
        [
            2,
            0.0001048336641922899
        ]
    ]
}{
    "normalized_variance_min": 0.1,
    "normalized_variance_max": 0.6,
    "p_diff_loss": 0.5,
    "p_group_mean": 0.9,
    "RgrpActivity": [
        [
            0,
            0.005134297310634521
        ],
        [
            1,
            9.963965014435575e-05
        ],
        [
            2,
            0.0001596388929619391
        ]
    ]
}{
    "normalized_variance_min": 0.1,
    "normalized_variance_max": 0.6,
    "p_diff_loss": 0.7,
    "p_group_mean": 0.1,
    "RgrpActivity": [
        [
            0,
            0.005134297310634521
        ],
        [
            1,
            7.843755311691728e-05
        ],
        [
            2,
            0.0001109342762487638
        ]
    ]
}{
    "normalized_variance_min": 0.1,
    "normalized_variance_max": 0.6,
    "p_diff_loss": 0.7,
    "p_group_mean": 0.3,
    "RgrpActivity": [
        [
            0,
            0.005134297310634521
        ],
        [
            1,
            5.821601726541216e-05
        ],
        [
            2,
            0.0001783628041796101
        ]
    ]
}{
    "normalized_variance_min": 0.1,
    "normalized_variance_max": 0.6,
    "p_diff_loss": 0.7,
    "p_group_mean": 0.5,
    "RgrpActivity": [
        [
            0,
            0.005134297310634521
        ],
        [
            1,
            5.932584968788747e-05
        ],
        [
            2,
            7.453567606066553e-05
        ]
    ]
}{
    "normalized_variance_min": 0.1,
    "normalized_variance_max": 0.6,
    "p_diff_loss": 0.7,
    "p_group_mean": 0.7,
    "RgrpActivity": [
        [
            0,
            0.005134297310634521
        ],
        [
            1,
            5.9126849128515205e-05
        ],
        [
            2,
            6.154182355632229e-05
        ]
    ]
}{
    "normalized_variance_min": 0.1,
    "normalized_variance_max": 0.6,
    "p_diff_loss": 0.7,
    "p_group_mean": 0.9,
    "RgrpActivity": [
        [
            0,
            0.005134297310634521
        ],
        [
            1,
            5.8599638835144756e-05
        ],
        [
            2,
            6.169169617185218e-05
        ]
    ]
}{
    "normalized_variance_min": 0.1,
    "normalized_variance_max": 0.6,
    "p_diff_loss": 0.9,
    "p_group_mean": 0.1,
    "RgrpActivity": [
        [
            0,
            0.005134297310634521
        ],
        [
            1,
            6.324716616342007e-05
        ],
        [
            2,
            4.614277666629784e-05
        ]
    ]
}{
    "normalized_variance_min": 0.1,
    "normalized_variance_max": 0.6,
    "p_diff_loss": 0.9,
    "p_group_mean": 0.3,
    "RgrpActivity": [
        [
            0,
            0.005134297310634521
        ],
        [
            1,
            6.429194832666172e-05
        ],
        [
            2,
            9.219014649260831e-05
        ]
    ]
}{
    "normalized_variance_min": 0.1,
    "normalized_variance_max": 0.6,
    "p_diff_loss": 0.9,
    "p_group_mean": 0.5,
    "RgrpActivity": [
        [
            0,
            0.005134297310634521
        ],
        [
            1,
            5.686948980370797e-05
        ],
        [
            2,
            5.973107169679711e-05
        ]
    ]
}{
    "normalized_variance_min": 0.1,
    "normalized_variance_max": 0.6,
    "p_diff_loss": 0.9,
    "p_group_mean": 0.7,
    "RgrpActivity": [
        [
            0,
            0.005134297310634521
        ],
        [
            1,
            9.639972509788047e-05
        ],
        [
            2,
            0.00019241236935344224
        ]
    ]
}{
    "normalized_variance_min": 0.1,
    "normalized_variance_max": 0.6,
    "p_diff_loss": 0.9,
    "p_group_mean": 0.9,
    "RgrpActivity": [
        [
            0,
            0.005134297310634521
        ],
        [
            1,
            5.9593679280789166e-05
        ],
        [
            2,
            6.478408898871379e-05
        ]
    ]
}{
    "normalized_variance_min": 0.1,
    "normalized_variance_max": 0.7,
    "p_diff_loss": 0.1,
    "p_group_mean": 0.1,
    "RgrpActivity": [
        [
            0,
            0.005134297310634521
        ],
        [
            1,
            5.626918191425353e-05
        ],
        [
            2,
            9.701728496087275e-05
        ]
    ]
}{
    "normalized_variance_min": 0.1,
    "normalized_variance_max": 0.7,
    "p_diff_loss": 0.1,
    "p_group_mean": 0.3,
    "RgrpActivity": [
        [
            0,
            0.005134297310634521
        ],
        [
            1,
            5.971787489322942e-05
        ],
        [
            2,
            0.00015095923997264453
        ]
    ]
}{
    "normalized_variance_min": 0.1,
    "normalized_variance_max": 0.7,
    "p_diff_loss": 0.1,
    "p_group_mean": 0.5,
    "RgrpActivity": [
        [
            0,
            0.005134297310634521
        ],
        [
            1,
            5.959175665911413e-05
        ],
        [
            2,
            5.4469054468564265e-05
        ]
    ]
}{
    "normalized_variance_min": 0.1,
    "normalized_variance_max": 0.7,
    "p_diff_loss": 0.1,
    "p_group_mean": 0.7,
    "RgrpActivity": [
        [
            0,
            0.005134297310634521
        ],
        [
            1,
            6.295773565456737e-05
        ],
        [
            2,
            8.142356457371228e-05
        ]
    ]
}{
    "normalized_variance_min": 0.1,
    "normalized_variance_max": 0.7,
    "p_diff_loss": 0.1,
    "p_group_mean": 0.9,
    "RgrpActivity": [
        [
            0,
            0.005134297310634521
        ],
        [
            1,
            6.579250443923345e-05
        ],
        [
            2,
            4.4980792982276624e-05
        ]
    ]
}{
    "normalized_variance_min": 0.1,
    "normalized_variance_max": 0.7,
    "p_diff_loss": 0.3,
    "p_group_mean": 0.1,
    "RgrpActivity": [
        [
            0,
            0.005134297310634521
        ],
        [
            1,
            7.255883449143336e-05
        ],
        [
            2,
            0.00015622095081068858
        ]
    ]
}{
    "normalized_variance_min": 0.1,
    "normalized_variance_max": 0.7,
    "p_diff_loss": 0.3,
    "p_group_mean": 0.3,
    "RgrpActivity": [
        [
            0,
            0.005134297310634521
        ],
        [
            1,
            6.496619381428016e-05
        ],
        [
            2,
            9.159472296599343e-05
        ]
    ]
}{
    "normalized_variance_min": 0.1,
    "normalized_variance_max": 0.7,
    "p_diff_loss": 0.3,
    "p_group_mean": 0.5,
    "RgrpActivity": [
        [
            0,
            0.005134297310634521
        ],
        [
            1,
            5.435698410142712e-05
        ],
        [
            2,
            5.203177788645316e-05
        ]
    ]
}{
    "normalized_variance_min": 0.1,
    "normalized_variance_max": 0.7,
    "p_diff_loss": 0.3,
    "p_group_mean": 0.7,
    "RgrpActivity": [
        [
            0,
            0.005134297310634521
        ],
        [
            1,
            6.493437859017784e-05
        ],
        [
            2,
            7.908837230290431e-05
        ]
    ]
}{
    "normalized_variance_min": 0.1,
    "normalized_variance_max": 0.7,
    "p_diff_loss": 0.3,
    "p_group_mean": 0.9,
    "RgrpActivity": [
        [
            0,
            0.005134297310634521
        ],
        [
            1,
            5.814863929838232e-05
        ],
        [
            2,
            0.00015311125684067838
        ]
    ]
}{
    "normalized_variance_min": 0.1,
    "normalized_variance_max": 0.7,
    "p_diff_loss": 0.5,
    "p_group_mean": 0.1,
    "RgrpActivity": [
        [
            0,
            0.005134297310634521
        ],
        [
            1,
            5.790531888177908e-05
        ],
        [
            2,
            5.164797700172025e-05
        ]
    ]
}{
    "normalized_variance_min": 0.1,
    "normalized_variance_max": 0.7,
    "p_diff_loss": 0.5,
    "p_group_mean": 0.3,
    "RgrpActivity": [
        [
            0,
            0.005134297310634521
        ],
        [
            1,
            5.628255409452822e-05
        ],
        [
            2,
            4.260994859778958e-05
        ]
    ]
}{
    "normalized_variance_min": 0.1,
    "normalized_variance_max": 0.7,
    "p_diff_loss": 0.5,
    "p_group_mean": 0.5,
    "RgrpActivity": [
        [
            0,
            0.005134297310634521
        ],
        [
            1,
            6.301646731776251e-05
        ],
        [
            2,
            6.537985894691621e-05
        ]
    ]
}{
    "normalized_variance_min": 0.1,
    "normalized_variance_max": 0.7,
    "p_diff_loss": 0.5,
    "p_group_mean": 0.7,
    "RgrpActivity": [
        [
            0,
            0.005134297310634521
        ],
        [
            1,
            5.515138054089601e-05
        ],
        [
            2,
            8.634026644934332e-05
        ]
    ]
}{
    "normalized_variance_min": 0.1,
    "normalized_variance_max": 0.7,
    "p_diff_loss": 0.5,
    "p_group_mean": 0.9,
    "RgrpActivity": [
        [
            0,
            0.005134297310634521
        ],
        [
            1,
            8.100715709541477e-05
        ],
        [
            2,
            0.00011468316049786519
        ]
    ]
}{
    "normalized_variance_min": 0.1,
    "normalized_variance_max": 0.7,
    "p_diff_loss": 0.7,
    "p_group_mean": 0.1,
    "RgrpActivity": [
        [
            0,
            0.005134297310634521
        ],
        [
            1,
            5.771287926867842e-05
        ],
        [
            2,
            7.075931786964555e-05
        ]
    ]
}{
    "normalized_variance_min": 0.1,
    "normalized_variance_max": 0.7,
    "p_diff_loss": 0.7,
    "p_group_mean": 0.3,
    "RgrpActivity": [
        [
            0,
            0.005134297310634521
        ],
        [
            1,
            5.592022843784061e-05
        ],
        [
            2,
            7.411652966023751e-05
        ]
    ]
}{
    "normalized_variance_min": 0.1,
    "normalized_variance_max": 0.7,
    "p_diff_loss": 0.7,
    "p_group_mean": 0.5,
    "RgrpActivity": [
        [
            0,
            0.005134297310634521
        ],
        [
            1,
            5.889161826027092e-05
        ],
        [
            2,
            8.63269507520784e-05
        ]
    ]
}{
    "normalized_variance_min": 0.1,
    "normalized_variance_max": 0.7,
    "p_diff_loss": 0.7,
    "p_group_mean": 0.7,
    "RgrpActivity": [
        [
            0,
            0.005134297310634521
        ],
        [
            1,
            0.00010087825289719997
        ],
        [
            2,
            8.408660684402046e-05
        ]
    ]
}{
    "normalized_variance_min": 0.1,
    "normalized_variance_max": 0.7,
    "p_diff_loss": 0.7,
    "p_group_mean": 0.9,
    "RgrpActivity": [
        [
            0,
            0.005134297310634521
        ],
        [
            1,
            6.419785626871813e-05
        ],
        [
            2,
            0.00019125604675984703
        ]
    ]
}{
    "normalized_variance_min": 0.1,
    "normalized_variance_max": 0.7,
    "p_diff_loss": 0.9,
    "p_group_mean": 0.1,
    "RgrpActivity": [
        [
            0,
            0.005134297310634521
        ],
        [
            1,
            6.0324564680000323e-05
        ],
        [
            2,
            7.284936047924982e-05
        ]
    ]
}{
    "normalized_variance_min": 0.1,
    "normalized_variance_max": 0.7,
    "p_diff_loss": 0.9,
    "p_group_mean": 0.3,
    "RgrpActivity": [
        [
            0,
            0.005134297310634521
        ],
        [
            1,
            6.106548156040791e-05
        ],
        [
            2,
            0.00015177185099364443
        ]
    ]
}{
    "normalized_variance_min": 0.1,
    "normalized_variance_max": 0.7,
    "p_diff_loss": 0.9,
    "p_group_mean": 0.5,
    "RgrpActivity": [
        [
            0,
            0.005134297310634521
        ],
        [
            1,
            6.307039332789634e-05
        ],
        [
            2,
            6.263234605719389e-05
        ]
    ]
}{
    "normalized_variance_min": 0.1,
    "normalized_variance_max": 0.7,
    "p_diff_loss": 0.9,
    "p_group_mean": 0.7,
    "RgrpActivity": [
        [
            0,
            0.005134297310634521
        ],
        [
            1,
            5.720490329137391e-05
        ],
        [
            2,
            7.68918283089264e-05
        ]
    ]
}{
    "normalized_variance_min": 0.1,
    "normalized_variance_max": 0.7,
    "p_diff_loss": 0.9,
    "p_group_mean": 0.9,
    "RgrpActivity": [
        [
            0,
            0.005134297310634521
        ],
        [
            1,
            5.981408199572994e-05
        ],
        [
            2,
            4.4922162648330644e-05
        ]
    ]
}{
    "normalized_variance_min": 0.1,
    "normalized_variance_max": 0.8,
    "p_diff_loss": 0.1,
    "p_group_mean": 0.1,
    "RgrpActivity": [
        [
            0,
            0.005134297310634521
        ],
        [
            1,
            6.016381434076458e-05
        ],
        [
            2,
            5.881891413064784e-05
        ]
    ]
}{
    "normalized_variance_min": 0.1,
    "normalized_variance_max": 0.8,
    "p_diff_loss": 0.1,
    "p_group_mean": 0.3,
    "RgrpActivity": [
        [
            0,
            0.005134297310634521
        ],
        [
            1,
            6.194560935501578e-05
        ],
        [
            2,
            0.00019540444156223522
        ]
    ]
}{
    "normalized_variance_min": 0.1,
    "normalized_variance_max": 0.8,
    "p_diff_loss": 0.1,
    "p_group_mean": 0.5,
    "RgrpActivity": [
        [
            0,
            0.005134297310634521
        ],
        [
            1,
            5.870004046074877e-05
        ],
        [
            2,
            8.671360979826593e-05
        ]
    ]
}{
    "normalized_variance_min": 0.1,
    "normalized_variance_max": 0.8,
    "p_diff_loss": 0.1,
    "p_group_mean": 0.7,
    "RgrpActivity": [
        [
            0,
            0.005134297310634521
        ],
        [
            1,
            5.7585934397531854e-05
        ],
        [
            2,
            4.788476275836834e-05
        ]
    ]
}{
    "normalized_variance_min": 0.1,
    "normalized_variance_max": 0.8,
    "p_diff_loss": 0.1,
    "p_group_mean": 0.9,
    "RgrpActivity": [
        [
            0,
            0.005134297310634521
        ],
        [
            1,
            6.024621806470473e-05
        ],
        [
            2,
            6.023622324520881e-05
        ]
    ]
}{
    "normalized_variance_min": 0.1,
    "normalized_variance_max": 0.8,
    "p_diff_loss": 0.3,
    "p_group_mean": 0.1,
    "RgrpActivity": [
        [
            0,
            0.005134297310634521
        ],
        [
            1,
            9.843718905367904e-05
        ],
        [
            2,
            7.408964965009872e-05
        ]
    ]
}{
    "normalized_variance_min": 0.1,
    "normalized_variance_max": 0.8,
    "p_diff_loss": 0.3,
    "p_group_mean": 0.3,
    "RgrpActivity": [
        [
            0,
            0.005134297310634521
        ],
        [
            1,
            5.802644373485937e-05
        ],
        [
            2,
            0.00011843868178520186
        ]
    ]
}{
    "normalized_variance_min": 0.1,
    "normalized_variance_max": 0.8,
    "p_diff_loss": 0.3,
    "p_group_mean": 0.5,
    "RgrpActivity": [
        [
            0,
            0.005134297310634521
        ],
        [
            1,
            5.897807752219222e-05
        ],
        [
            2,
            6.323332020171125e-05
        ]
    ]
}{
    "normalized_variance_min": 0.1,
    "normalized_variance_max": 0.8,
    "p_diff_loss": 0.3,
    "p_group_mean": 0.7,
    "RgrpActivity": [
        [
            0,
            0.005134297310634521
        ],
        [
            1,
            9.887333899368096e-05
        ],
        [
            2,
            8.846262882523034e-05
        ]
    ]
}{
    "normalized_variance_min": 0.1,
    "normalized_variance_max": 0.8,
    "p_diff_loss": 0.3,
    "p_group_mean": 0.9,
    "RgrpActivity": [
        [
            0,
            0.005134297310634521
        ],
        [
            1,
            0.00010142735697553887
        ],
        [
            2,
            0.00011647915820439828
        ]
    ]
}{
    "normalized_variance_min": 0.1,
    "normalized_variance_max": 0.8,
    "p_diff_loss": 0.5,
    "p_group_mean": 0.1,
    "RgrpActivity": [
        [
            0,
            0.005134297310634521
        ],
        [
            1,
            6.118555323652593e-05
        ],
        [
            2,
            6.874343498150801e-05
        ]
    ]
}{
    "normalized_variance_min": 0.1,
    "normalized_variance_max": 0.8,
    "p_diff_loss": 0.5,
    "p_group_mean": 0.3,
    "RgrpActivity": [
        [
            0,
            0.005134297310634521
        ],
        [
            1,
            6.375914809033975e-05
        ],
        [
            2,
            7.372744091534516e-05
        ]
    ]
}{
    "normalized_variance_min": 0.1,
    "normalized_variance_max": 0.8,
    "p_diff_loss": 0.5,
    "p_group_mean": 0.5,
    "RgrpActivity": [
        [
            0,
            0.005134297310634521
        ],
        [
            1,
            6.501997115969718e-05
        ],
        [
            2,
            7.62324253042569e-05
        ]
    ]
}{
    "normalized_variance_min": 0.1,
    "normalized_variance_max": 0.8,
    "p_diff_loss": 0.5,
    "p_group_mean": 0.7,
    "RgrpActivity": [
        [
            0,
            0.005134297310634521
        ],
        [
            1,
            9.469342552841433e-05
        ],
        [
            2,
            0.0001574835108206523
        ]
    ]
}{
    "normalized_variance_min": 0.1,
    "normalized_variance_max": 0.8,
    "p_diff_loss": 0.5,
    "p_group_mean": 0.9,
    "RgrpActivity": [
        [
            0,
            0.005134297310634521
        ],
        [
            1,
            0.00010266354540675637
        ],
        [
            2,
            0.0002116741898237205
        ]
    ]
}{
    "normalized_variance_min": 0.1,
    "normalized_variance_max": 0.8,
    "p_diff_loss": 0.7,
    "p_group_mean": 0.1,
    "RgrpActivity": [
        [
            0,
            0.005134297310634521
        ],
        [
            1,
            5.8697405156849155e-05
        ],
        [
            2,
            8.588179954510639e-05
        ]
    ]
}{
    "normalized_variance_min": 0.1,
    "normalized_variance_max": 0.8,
    "p_diff_loss": 0.7,
    "p_group_mean": 0.3,
    "RgrpActivity": [
        [
            0,
            0.005134297310634521
        ],
        [
            1,
            5.991448268916144e-05
        ],
        [
            2,
            5.5183257136592147e-05
        ]
    ]
}{
    "normalized_variance_min": 0.1,
    "normalized_variance_max": 0.8,
    "p_diff_loss": 0.7,
    "p_group_mean": 0.5,
    "RgrpActivity": [
        [
            0,
            0.005134297310634521
        ],
        [
            1,
            6.225921847184982e-05
        ],
        [
            2,
            5.3218210414690274e-05
        ]
    ]
}{
    "normalized_variance_min": 0.1,
    "normalized_variance_max": 0.8,
    "p_diff_loss": 0.7,
    "p_group_mean": 0.7,
    "RgrpActivity": [
        [
            0,
            0.005134297310634521
        ],
        [
            1,
            9.949803510505997e-05
        ],
        [
            2,
            8.226680522984016e-05
        ]
    ]
}{
    "normalized_variance_min": 0.1,
    "normalized_variance_max": 0.8,
    "p_diff_loss": 0.7,
    "p_group_mean": 0.9,
    "RgrpActivity": [
        [
            0,
            0.005134297310634521
        ],
        [
            1,
            9.101199900515968e-05
        ],
        [
            2,
            0.00010436287331032235
        ]
    ]
}{
    "normalized_variance_min": 0.1,
    "normalized_variance_max": 0.8,
    "p_diff_loss": 0.9,
    "p_group_mean": 0.1,
    "RgrpActivity": [
        [
            0,
            0.005134297310634521
        ],
        [
            1,
            6.380989233455585e-05
        ],
        [
            2,
            9.936935343764146e-05
        ]
    ]
}{
    "normalized_variance_min": 0.1,
    "normalized_variance_max": 0.8,
    "p_diff_loss": 0.9,
    "p_group_mean": 0.3,
    "RgrpActivity": [
        [
            0,
            0.005134297310634521
        ],
        [
            1,
            6.12296594683302e-05
        ],
        [
            2,
            6.882016052355899e-05
        ]
    ]
}{
    "normalized_variance_min": 0.1,
    "normalized_variance_max": 0.8,
    "p_diff_loss": 0.9,
    "p_group_mean": 0.5,
    "RgrpActivity": [
        [
            0,
            0.005134297310634521
        ],
        [
            1,
            5.991349241333231e-05
        ],
        [
            2,
            7.468085462874189e-05
        ]
    ]
}{
    "normalized_variance_min": 0.1,
    "normalized_variance_max": 0.8,
    "p_diff_loss": 0.9,
    "p_group_mean": 0.7,
    "RgrpActivity": [
        [
            0,
            0.005134297310634521
        ],
        [
            1,
            6.14245913521243e-05
        ],
        [
            2,
            5.325251982875305e-05
        ]
    ]
}{
    "normalized_variance_min": 0.1,
    "normalized_variance_max": 0.8,
    "p_diff_loss": 0.9,
    "p_group_mean": 0.9,
    "RgrpActivity": [
        [
            0,
            0.005134297310634521
        ],
        [
            1,
            0.00010269305763521804
        ],
        [
            2,
            0.00011296860989215335
        ]
    ]
}{
    "normalized_variance_min": 0.2,
    "normalized_variance_max": 0.5,
    "p_diff_loss": 0.1,
    "p_group_mean": 0.1,
    "RgrpActivity": [
        [
            0,
            0.005134297310634521
        ],
        [
            1,
            6.122618444133436e-05
        ],
        [
            2,
            6.795025828580943e-05
        ]
    ]
}{
    "normalized_variance_min": 0.2,
    "normalized_variance_max": 0.5,
    "p_diff_loss": 0.1,
    "p_group_mean": 0.3,
    "RgrpActivity": [
        [
            0,
            0.005134297310634521
        ],
        [
            1,
            8.688566148085833e-05
        ],
        [
            2,
            0.00028709974016241917
        ]
    ]
}{
    "normalized_variance_min": 0.2,
    "normalized_variance_max": 0.5,
    "p_diff_loss": 0.1,
    "p_group_mean": 0.5,
    "RgrpActivity": [
        [
            0,
            0.005134297310634521
        ],
        [
            1,
            5.956354284513124e-05
        ],
        [
            2,
            7.346344646904062e-05
        ]
    ]
}{
    "normalized_variance_min": 0.2,
    "normalized_variance_max": 0.5,
    "p_diff_loss": 0.1,
    "p_group_mean": 0.7,
    "RgrpActivity": [
        [
            0,
            0.005134297310634521
        ],
        [
            1,
            6.236381018323713e-05
        ],
        [
            2,
            4.309449927935215e-05
        ]
    ]
}{
    "normalized_variance_min": 0.2,
    "normalized_variance_max": 0.5,
    "p_diff_loss": 0.1,
    "p_group_mean": 0.9,
    "RgrpActivity": [
        [
            0,
            0.005134297310634521
        ],
        [
            1,
            7.026971555224598e-05
        ],
        [
            2,
            0.00010008590952020813
        ]
    ]
}{
    "normalized_variance_min": 0.2,
    "normalized_variance_max": 0.5,
    "p_diff_loss": 0.3,
    "p_group_mean": 0.1,
    "RgrpActivity": [
        [
            0,
            0.005134297310634521
        ],
        [
            1,
            8.294839689866661e-05
        ],
        [
            2,
            0.00011946498970663764
        ]
    ]
}{
    "normalized_variance_min": 0.2,
    "normalized_variance_max": 0.5,
    "p_diff_loss": 0.3,
    "p_group_mean": 0.3,
    "RgrpActivity": [
        [
            0,
            0.005134297310634521
        ],
        [
            1,
            6.543670126410794e-05
        ],
        [
            2,
            9.018079937344201e-05
        ]
    ]
}{
    "normalized_variance_min": 0.2,
    "normalized_variance_max": 0.5,
    "p_diff_loss": 0.3,
    "p_group_mean": 0.5,
    "RgrpActivity": [
        [
            0,
            0.005134297310634521
        ],
        [
            1,
            6.521070720323798e-05
        ],
        [
            2,
            6.197876951511672e-05
        ]
    ]
}